<?xml version="1.0" encoding="UTF-8"?>
<coverage generated="1712655106431" clover="3.2.0">
  <project timestamp="1712655106431" name="All files">
    <metrics statements="120" coveredstatements="0" conditionals="63" coveredconditionals="0" methods="59" coveredmethods="0" elements="242" coveredelements="0" complexity="0" loc="120" ncloc="120" packages="9" files="12" classes="12"/>
    <package name="Accordion">
      <metrics statements="3" coveredstatements="0" conditionals="5" coveredconditionals="0" methods="2" coveredmethods="0"/>
      <file name="Accordion.jsx" path="C:\Users\saura\Desktop\SalesDocketDev\src\components\Accordion\Accordion.jsx">
        <metrics statements="3" coveredstatements="0" conditionals="5" coveredconditionals="0" methods="2" coveredmethods="0"/>
        <line num="6" count="0" type="stmt"/>
        <line num="13" count="0" type="stmt"/>
        <line num="17" count="0" type="stmt"/>
      </file>
    </package>
    <package name="AllLeadsComponents">
      <metrics statements="5" coveredstatements="0" conditionals="0" coveredconditionals="0" methods="5" coveredmethods="0"/>
      <file name="FilterModal.jsx" path="C:\Users\saura\Desktop\SalesDocketDev\src\components\AllLeadsComponents\FilterModal.jsx">
        <metrics statements="5" coveredstatements="0" conditionals="0" coveredconditionals="0" methods="5" coveredmethods="0"/>
        <line num="15" count="0" type="stmt"/>
        <line num="24" count="0" type="stmt"/>
        <line num="25" count="0" type="stmt"/>
        <line num="29" count="0" type="stmt"/>
        <line num="128" count="0" type="stmt"/>
      </file>
    </package>
    <package name="Btrend">
      <metrics statements="10" coveredstatements="0" conditionals="8" coveredconditionals="0" methods="5" coveredmethods="0"/>
      <file name="Filtertrend.jsx" path="C:\Users\saura\Desktop\SalesDocketDev\src\components\Btrend\Filtertrend.jsx">
        <metrics statements="10" coveredstatements="0" conditionals="8" coveredconditionals="0" methods="5" coveredmethods="0"/>
        <line num="15" count="0" type="stmt"/>
        <line num="26" count="0" type="stmt"/>
        <line num="27" count="0" type="stmt"/>
        <line num="28" count="0" type="stmt"/>
        <line num="32" count="0" type="stmt"/>
        <line num="64" count="0" type="stmt"/>
        <line num="65" count="0" type="stmt"/>
        <line num="89" count="0" type="stmt"/>
        <line num="90" count="0" type="stmt"/>
        <line num="118" count="0" type="stmt"/>
      </file>
    </package>
    <package name="BusninessTracker">
      <metrics statements="57" coveredstatements="0" conditionals="31" coveredconditionals="0" methods="19" coveredmethods="0"/>
      <file name="BTrackerMonthWiseTable.jsx" path="C:\Users\saura\Desktop\SalesDocketDev\src\components\BusninessTracker\BTrackerMonthWiseTable.jsx">
        <metrics statements="13" coveredstatements="0" conditionals="4" coveredconditionals="0" methods="6" coveredmethods="0"/>
        <line num="4" count="0" type="stmt"/>
        <line num="38" count="0" type="stmt"/>
        <line num="48" count="0" type="stmt"/>
        <line num="82" count="0" type="stmt"/>
        <line num="83" count="0" type="stmt"/>
        <line num="84" count="0" type="stmt"/>
        <line num="85" count="0" type="stmt"/>
        <line num="86" count="0" type="stmt"/>
        <line num="94" count="0" type="stmt"/>
        <line num="100" count="0" type="cond" truecount="0" falsecount="2"/>
        <line num="116" count="0" type="stmt"/>
        <line num="128" count="0" type="cond" truecount="0" falsecount="2"/>
        <line num="130" count="0" type="stmt"/>
      </file>
      <file name="FilterBT.jsx" path="C:\Users\saura\Desktop\SalesDocketDev\src\components\BusninessTracker\FilterBT.jsx">
        <metrics statements="40" coveredstatements="0" conditionals="20" coveredconditionals="0" methods="10" coveredmethods="0"/>
        <line num="12" count="0" type="stmt"/>
        <line num="21" count="0" type="stmt"/>
        <line num="22" count="0" type="stmt"/>
        <line num="50" count="0" type="stmt"/>
        <line num="51" count="0" type="stmt"/>
        <line num="52" count="0" type="stmt"/>
        <line num="53" count="0" type="stmt"/>
        <line num="54" count="0" type="stmt"/>
        <line num="56" count="0" type="stmt"/>
        <line num="57" count="0" type="stmt"/>
        <line num="58" count="0" type="stmt"/>
        <line num="60" count="0" type="cond" truecount="0" falsecount="2"/>
        <line num="61" count="0" type="stmt"/>
        <line num="62" count="0" type="stmt"/>
        <line num="69" count="0" type="cond" truecount="0" falsecount="2"/>
        <line num="70" count="0" type="stmt"/>
        <line num="71" count="0" type="stmt"/>
        <line num="78" count="0" type="cond" truecount="0" falsecount="2"/>
        <line num="79" count="0" type="stmt"/>
        <line num="80" count="0" type="stmt"/>
        <line num="87" count="0" type="cond" truecount="0" falsecount="2"/>
        <line num="88" count="0" type="stmt"/>
        <line num="89" count="0" type="stmt"/>
        <line num="96" count="0" type="cond" truecount="0" falsecount="2"/>
        <line num="97" count="0" type="stmt"/>
        <line num="98" count="0" type="stmt"/>
        <line num="106" count="0" type="stmt"/>
        <line num="109" count="0" type="stmt"/>
        <line num="110" count="0" type="stmt"/>
        <line num="112" count="0" type="cond" truecount="0" falsecount="2"/>
        <line num="113" count="0" type="stmt"/>
        <line num="115" count="0" type="cond" truecount="0" falsecount="2"/>
        <line num="116" count="0" type="stmt"/>
        <line num="118" count="0" type="cond" truecount="0" falsecount="2"/>
        <line num="119" count="0" type="stmt"/>
        <line num="121" count="0" type="cond" truecount="0" falsecount="2"/>
        <line num="122" count="0" type="stmt"/>
        <line num="124" count="0" type="cond" truecount="0" falsecount="2"/>
        <line num="125" count="0" type="stmt"/>
        <line num="128" count="0" type="stmt"/>
      </file>
      <file name="TableDataMapper.jsx" path="C:\Users\saura\Desktop\SalesDocketDev\src\components\BusninessTracker\TableDataMapper.jsx">
        <metrics statements="4" coveredstatements="0" conditionals="7" coveredconditionals="0" methods="3" coveredmethods="0"/>
        <line num="4" count="0" type="stmt"/>
        <line num="10" count="0" type="stmt"/>
        <line num="14" count="0" type="cond" truecount="0" falsecount="2"/>
        <line num="21" count="0" type="stmt"/>
      </file>
    </package>
    <package name="CustomDatePicker">
      <metrics statements="4" coveredstatements="0" conditionals="4" coveredconditionals="0" methods="2" coveredmethods="0"/>
      <file name="CustomDatePicker.jsx" path="C:\Users\saura\Desktop\SalesDocketDev\src\components\CustomDatePicker\CustomDatePicker.jsx">
        <metrics statements="4" coveredstatements="0" conditionals="4" coveredconditionals="0" methods="2" coveredmethods="0"/>
        <line num="9" count="0" type="stmt"/>
        <line num="10" count="0" type="stmt"/>
        <line num="29" count="0" type="stmt"/>
        <line num="30" count="0" type="stmt"/>
      </file>
    </package>
    <package name="DeliveryAnalysisComponents">
      <metrics statements="15" coveredstatements="0" conditionals="4" coveredconditionals="0" methods="11" coveredmethods="0"/>
      <file name="DateModal.jsx" path="C:\Users\saura\Desktop\SalesDocketDev\src\components\DeliveryAnalysisComponents\DateModal.jsx">
        <metrics statements="5" coveredstatements="0" conditionals="0" coveredconditionals="0" methods="5" coveredmethods="0"/>
        <line num="15" count="0" type="stmt"/>
        <line num="16" count="0" type="stmt"/>
        <line num="18" count="0" type="stmt"/>
        <line num="22" count="0" type="stmt"/>
        <line num="45" count="0" type="stmt"/>
      </file>
      <file name="DeliveryAnalysisTableTwo.jsx" path="C:\Users\saura\Desktop\SalesDocketDev\src\components\DeliveryAnalysisComponents\DeliveryAnalysisTableTwo.jsx">
        <metrics statements="10" coveredstatements="0" conditionals="4" coveredconditionals="0" methods="6" coveredmethods="0"/>
        <line num="5" count="0" type="stmt"/>
        <line num="6" count="0" type="stmt"/>
        <line num="7" count="0" type="stmt"/>
        <line num="8" count="0" type="stmt"/>
        <line num="10" count="0" type="stmt"/>
        <line num="18" count="0" type="stmt"/>
        <line num="24" count="0" type="cond" truecount="0" falsecount="2"/>
        <line num="41" count="0" type="stmt"/>
        <line num="50" count="0" type="cond" truecount="0" falsecount="2"/>
        <line num="54" count="0" type="stmt"/>
      </file>
    </package>
    <package name="LostLeadsComponents.StatsCardList">
      <metrics statements="2" coveredstatements="0" conditionals="0" coveredconditionals="0" methods="1" coveredmethods="0"/>
      <file name="StatsCardList.jsx" path="C:\Users\saura\Desktop\SalesDocketDev\src\components\LostLeadsComponents\StatsCardList\StatsCardList.jsx">
        <metrics statements="2" coveredstatements="0" conditionals="0" coveredconditionals="0" methods="1" coveredmethods="0"/>
        <line num="7" count="0" type="stmt"/>
        <line num="8" count="0" type="stmt"/>
      </file>
    </package>
    <package name="Slection_Panel">
      <metrics statements="12" coveredstatements="0" conditionals="4" coveredconditionals="0" methods="7" coveredmethods="0"/>
      <file name="Tableselection.jsx" path="C:\Users\saura\Desktop\SalesDocketDev\src\components\Slection_Panel\Tableselection.jsx">
        <metrics statements="12" coveredstatements="0" conditionals="4" coveredconditionals="0" methods="7" coveredmethods="0"/>
        <line num="7" count="0" type="stmt"/>
        <line num="9" count="0" type="stmt"/>
        <line num="11" count="0" type="stmt"/>
        <line num="12" count="0" type="stmt"/>
        <line num="13" count="0" type="stmt"/>
        <line num="15" count="0" type="stmt"/>
        <line num="16" count="0" type="stmt"/>
        <line num="18" count="0" type="stmt"/>
        <line num="22" count="0" type="stmt"/>
        <line num="26" count="0" type="stmt"/>
        <line num="49" count="0" type="stmt"/>
        <line num="52" count="0" type="stmt"/>
      </file>
    </package>
    <package name="Table">
      <metrics statements="12" coveredstatements="0" conditionals="7" coveredconditionals="0" methods="7" coveredmethods="0"/>
      <file name="DataTable.jsx" path="C:\Users\saura\Desktop\SalesDocketDev\src\components\Table\DataTable.jsx">
        <metrics statements="12" coveredstatements="0" conditionals="7" coveredconditionals="0" methods="7" coveredmethods="0"/>
        <line num="5" count="0" type="cond" truecount="0" falsecount="1"/>
        <line num="6" count="0" type="stmt"/>
        <line num="7" count="0" type="stmt"/>
        <line num="8" count="0" type="stmt"/>
        <line num="9" count="0" type="stmt"/>
        <line num="10" count="0" type="stmt"/>
        <line num="19" count="0" type="stmt"/>
        <line num="20" count="0" type="stmt"/>
        <line num="26" count="0" type="stmt"/>
        <line num="37" count="0" type="stmt"/>
        <line num="39" count="0" type="stmt"/>
        <line num="48" count="0" type="stmt"/>
      </file>
    </package>
  </project>
</coverage>
