{"C:\\Users\\saura\\Desktop\\SalesDocketDev\\src\\components\\Accordion\\Accordion.jsx": {"path":"C:\\Users\\saura\\Desktop\\SalesDocketDev\\src\\components\\Accordion\\Accordion.jsx","statementMap":{"0":{"start":{"line":6,"column":18},"end":{"line":31,"column":1}},"1":{"start":{"line":13,"column":2},"end":{"line":30,"column":4}},"2":{"start":{"line":17,"column":31},"end":{"line":17,"column":53}}},"fnMap":{"0":{"name":"(anonymous_0)","decl":{"start":{"line":6,"column":18},"end":{"line":6,"column":19}},"loc":{"start":{"line":12,"column":6},"end":{"line":31,"column":1}},"line":12},"1":{"name":"(anonymous_1)","decl":{"start":{"line":17,"column":25},"end":{"line":17,"column":26}},"loc":{"start":{"line":17,"column":31},"end":{"line":17,"column":53}},"line":17}},"branchMap":{"0":{"loc":{"start":{"line":11,"column":2},"end":{"line":11,"column":19}},"type":"default-arg","locations":[{"start":{"line":11,"column":13},"end":{"line":11,"column":19}}],"line":11},"1":{"loc":{"start":{"line":18,"column":11},"end":{"line":18,"column":51}},"type":"cond-expr","locations":[{"start":{"line":18,"column":36},"end":{"line":18,"column":42}},{"start":{"line":18,"column":45},"end":{"line":18,"column":51}}],"line":18},"2":{"loc":{"start":{"line":21,"column":7},"end":{"line":28,"column":7}},"type":"binary-expr","locations":[{"start":{"line":21,"column":7},"end":{"line":21,"column":29}},{"start":{"line":22,"column":8},"end":{"line":27,"column":10}}],"line":21}},"s":{"0":0,"1":0,"2":0},"f":{"0":0,"1":0},"b":{"0":[0],"1":[0,0],"2":[0,0]}}
,"C:\\Users\\saura\\Desktop\\SalesDocketDev\\src\\components\\AllLeadsComponents\\FilterModal.jsx": {"path":"C:\\Users\\saura\\Desktop\\SalesDocketDev\\src\\components\\AllLeadsComponents\\FilterModal.jsx","statementMap":{"0":{"start":{"line":15,"column":20},"end":{"line":136,"column":1}},"1":{"start":{"line":24,"column":26},"end":{"line":24,"column":40}},"2":{"start":{"line":25,"column":2},"end":{"line":135,"column":4}},"3":{"start":{"line":29,"column":33},"end":{"line":29,"column":47}},"4":{"start":{"line":128,"column":35},"end":{"line":128,"column":49}}},"fnMap":{"0":{"name":"(anonymous_0)","decl":{"start":{"line":15,"column":20},"end":{"line":15,"column":21}},"loc":{"start":{"line":23,"column":6},"end":{"line":136,"column":1}},"line":23},"1":{"name":"(anonymous_1)","decl":{"start":{"line":29,"column":27},"end":{"line":29,"column":28}},"loc":{"start":{"line":29,"column":33},"end":{"line":29,"column":47}},"line":29},"2":{"name":"(anonymous_2)","decl":{"start":{"line":43,"column":23},"end":{"line":43,"column":24}},"loc":{"start":{"line":43,"column":29},"end":{"line":43,"column":31}},"line":43},"3":{"name":"(anonymous_3)","decl":{"start":{"line":50,"column":23},"end":{"line":50,"column":24}},"loc":{"start":{"line":50,"column":29},"end":{"line":50,"column":31}},"line":50},"4":{"name":"(anonymous_4)","decl":{"start":{"line":128,"column":29},"end":{"line":128,"column":30}},"loc":{"start":{"line":128,"column":35},"end":{"line":128,"column":49}},"line":128}},"branchMap":{},"s":{"0":0,"1":0,"2":0,"3":0,"4":0},"f":{"0":0,"1":0,"2":0,"3":0,"4":0},"b":{}}
,"C:\\Users\\saura\\Desktop\\SalesDocketDev\\src\\components\\Btrend\\Filtertrend.jsx": {"path":"C:\\Users\\saura\\Desktop\\SalesDocketDev\\src\\components\\Btrend\\Filtertrend.jsx","statementMap":{"0":{"start":{"line":15,"column":21},"end":{"line":126,"column":1}},"1":{"start":{"line":26,"column":50},"end":{"line":26,"column":65}},"2":{"start":{"line":27,"column":46},"end":{"line":27,"column":61}},"3":{"start":{"line":28,"column":2},"end":{"line":125,"column":4}},"4":{"start":{"line":32,"column":33},"end":{"line":32,"column":47}},"5":{"start":{"line":64,"column":20},"end":{"line":64,"column":47}},"6":{"start":{"line":65,"column":20},"end":{"line":65,"column":41}},"7":{"start":{"line":89,"column":20},"end":{"line":89,"column":45}},"8":{"start":{"line":90,"column":20},"end":{"line":90,"column":39}},"9":{"start":{"line":118,"column":35},"end":{"line":118,"column":49}}},"fnMap":{"0":{"name":"(anonymous_0)","decl":{"start":{"line":15,"column":21},"end":{"line":15,"column":22}},"loc":{"start":{"line":25,"column":6},"end":{"line":126,"column":1}},"line":25},"1":{"name":"(anonymous_1)","decl":{"start":{"line":32,"column":27},"end":{"line":32,"column":28}},"loc":{"start":{"line":32,"column":33},"end":{"line":32,"column":47}},"line":32},"2":{"name":"(anonymous_2)","decl":{"start":{"line":63,"column":28},"end":{"line":63,"column":29}},"loc":{"start":{"line":63,"column":41},"end":{"line":66,"column":19}},"line":63},"3":{"name":"(anonymous_3)","decl":{"start":{"line":88,"column":28},"end":{"line":88,"column":29}},"loc":{"start":{"line":88,"column":41},"end":{"line":91,"column":19}},"line":88},"4":{"name":"(anonymous_4)","decl":{"start":{"line":118,"column":29},"end":{"line":118,"column":30}},"loc":{"start":{"line":118,"column":35},"end":{"line":118,"column":49}},"line":118}},"branchMap":{"0":{"loc":{"start":{"line":52,"column":20},"end":{"line":52,"column":56}},"type":"binary-expr","locations":[{"start":{"line":52,"column":20},"end":{"line":52,"column":29}},{"start":{"line":52,"column":33},"end":{"line":52,"column":56}}],"line":52},"1":{"loc":{"start":{"line":56,"column":19},"end":{"line":56,"column":78}},"type":"cond-expr","locations":[{"start":{"line":56,"column":30},"end":{"line":56,"column":53}},{"start":{"line":56,"column":56},"end":{"line":56,"column":78}}],"line":56},"2":{"loc":{"start":{"line":77,"column":20},"end":{"line":77,"column":54}},"type":"binary-expr","locations":[{"start":{"line":77,"column":20},"end":{"line":77,"column":27}},{"start":{"line":77,"column":31},"end":{"line":77,"column":54}}],"line":77},"3":{"loc":{"start":{"line":81,"column":19},"end":{"line":81,"column":72}},"type":"cond-expr","locations":[{"start":{"line":81,"column":28},"end":{"line":81,"column":49}},{"start":{"line":81,"column":52},"end":{"line":81,"column":72}}],"line":81}},"s":{"0":0,"1":0,"2":0,"3":0,"4":0,"5":0,"6":0,"7":0,"8":0,"9":0},"f":{"0":0,"1":0,"2":0,"3":0,"4":0},"b":{"0":[0,0],"1":[0,0],"2":[0,0],"3":[0,0]}}
,"C:\\Users\\saura\\Desktop\\SalesDocketDev\\src\\components\\BusninessTracker\\BTrackerMonthWiseTable.jsx": {"path":"C:\\Users\\saura\\Desktop\\SalesDocketDev\\src\\components\\BusninessTracker\\BTrackerMonthWiseTable.jsx","statementMap":{"0":{"start":{"line":4,"column":20},"end":{"line":36,"column":1}},"1":{"start":{"line":38,"column":16},"end":{"line":46,"column":1}},"2":{"start":{"line":48,"column":16},"end":{"line":80,"column":1}},"3":{"start":{"line":82,"column":31},"end":{"line":151,"column":1}},"4":{"start":{"line":83,"column":19},"end":{"line":83,"column":32}},"5":{"start":{"line":84,"column":22},"end":{"line":93,"column":3}},"6":{"start":{"line":85,"column":4},"end":{"line":85,"column":36}},"7":{"start":{"line":86,"column":4},"end":{"line":92,"column":6}},"8":{"start":{"line":94,"column":2},"end":{"line":150,"column":4}},"9":{"start":{"line":100,"column":14},"end":{"line":111,"column":15}},"10":{"start":{"line":116,"column":14},"end":{"line":121,"column":19}},"11":{"start":{"line":128,"column":14},"end":{"line":144,"column":15}},"12":{"start":{"line":130,"column":33},"end":{"line":130,"column":55}}},"fnMap":{"0":{"name":"(anonymous_0)","decl":{"start":{"line":82,"column":31},"end":{"line":82,"column":32}},"loc":{"start":{"line":82,"column":37},"end":{"line":151,"column":1}},"line":82},"1":{"name":"(anonymous_1)","decl":{"start":{"line":84,"column":22},"end":{"line":84,"column":23}},"loc":{"start":{"line":84,"column":37},"end":{"line":93,"column":3}},"line":84},"2":{"name":"(anonymous_2)","decl":{"start":{"line":99,"column":25},"end":{"line":99,"column":26}},"loc":{"start":{"line":100,"column":14},"end":{"line":111,"column":15}},"line":100},"3":{"name":"(anonymous_3)","decl":{"start":{"line":115,"column":25},"end":{"line":115,"column":26}},"loc":{"start":{"line":116,"column":14},"end":{"line":121,"column":19}},"line":116},"4":{"name":"(anonymous_4)","decl":{"start":{"line":127,"column":29},"end":{"line":127,"column":30}},"loc":{"start":{"line":128,"column":14},"end":{"line":144,"column":15}},"line":128},"5":{"name":"(anonymous_5)","decl":{"start":{"line":130,"column":27},"end":{"line":130,"column":28}},"loc":{"start":{"line":130,"column":33},"end":{"line":130,"column":55}},"line":130}},"branchMap":{"0":{"loc":{"start":{"line":100,"column":14},"end":{"line":111,"column":15}},"type":"cond-expr","locations":[{"start":{"line":101,"column":16},"end":{"line":103,"column":21}},{"start":{"line":105,"column":16},"end":{"line":110,"column":21}}],"line":100},"1":{"loc":{"start":{"line":128,"column":14},"end":{"line":144,"column":15}},"type":"cond-expr","locations":[{"start":{"line":129,"column":16},"end":{"line":135,"column":21}},{"start":{"line":137,"column":16},"end":{"line":143,"column":21}}],"line":128}},"s":{"0":0,"1":0,"2":0,"3":0,"4":0,"5":0,"6":0,"7":0,"8":0,"9":0,"10":0,"11":0,"12":0},"f":{"0":0,"1":0,"2":0,"3":0,"4":0,"5":0},"b":{"0":[0,0],"1":[0,0]}}
,"C:\\Users\\saura\\Desktop\\SalesDocketDev\\src\\components\\BusninessTracker\\FilterBT.jsx": {"path":"C:\\Users\\saura\\Desktop\\SalesDocketDev\\src\\components\\BusninessTracker\\FilterBT.jsx","statementMap":{"0":{"start":{"line":12,"column":17},"end":{"line":204,"column":1}},"1":{"start":{"line":21,"column":19},"end":{"line":21,"column":32}},"2":{"start":{"line":22,"column":34},"end":{"line":48,"column":4}},"3":{"start":{"line":50,"column":30},"end":{"line":50,"column":42}},"4":{"start":{"line":51,"column":22},"end":{"line":51,"column":34}},"5":{"start":{"line":52,"column":26},"end":{"line":52,"column":38}},"6":{"start":{"line":53,"column":28},"end":{"line":53,"column":40}},"7":{"start":{"line":54,"column":28},"end":{"line":54,"column":40}},"8":{"start":{"line":56,"column":23},"end":{"line":107,"column":3}},"9":{"start":{"line":56,"column":43},"end":{"line":107,"column":3}},"10":{"start":{"line":57,"column":4},"end":{"line":57,"column":33}},"11":{"start":{"line":58,"column":27},"end":{"line":58,"column":72}},"12":{"start":{"line":58,"column":59},"end":{"line":58,"column":71}},"13":{"start":{"line":60,"column":4},"end":{"line":105,"column":5}},"14":{"start":{"line":61,"column":6},"end":{"line":61,"column":33}},"15":{"start":{"line":62,"column":6},"end":{"line":68,"column":10}},"16":{"start":{"line":62,"column":34},"end":{"line":68,"column":7}},"17":{"start":{"line":69,"column":11},"end":{"line":105,"column":5}},"18":{"start":{"line":70,"column":6},"end":{"line":70,"column":29}},"19":{"start":{"line":71,"column":6},"end":{"line":77,"column":10}},"20":{"start":{"line":71,"column":34},"end":{"line":77,"column":7}},"21":{"start":{"line":78,"column":11},"end":{"line":105,"column":5}},"22":{"start":{"line":79,"column":6},"end":{"line":79,"column":31}},"23":{"start":{"line":80,"column":6},"end":{"line":86,"column":10}},"24":{"start":{"line":80,"column":34},"end":{"line":86,"column":7}},"25":{"start":{"line":87,"column":11},"end":{"line":105,"column":5}},"26":{"start":{"line":88,"column":6},"end":{"line":88,"column":32}},"27":{"start":{"line":89,"column":6},"end":{"line":95,"column":10}},"28":{"start":{"line":89,"column":34},"end":{"line":95,"column":7}},"29":{"start":{"line":96,"column":11},"end":{"line":105,"column":5}},"30":{"start":{"line":97,"column":6},"end":{"line":97,"column":32}},"31":{"start":{"line":98,"column":6},"end":{"line":104,"column":10}},"32":{"start":{"line":98,"column":34},"end":{"line":104,"column":7}},"33":{"start":{"line":106,"column":4},"end":{"line":106,"column":32}},"34":{"start":{"line":109,"column":23},"end":{"line":127,"column":3}},"35":{"start":{"line":110,"column":4},"end":{"line":110,"column":19}},"36":{"start":{"line":112,"column":4},"end":{"line":114,"column":5}},"37":{"start":{"line":113,"column":6},"end":{"line":113,"column":50}},"38":{"start":{"line":115,"column":4},"end":{"line":117,"column":5}},"39":{"start":{"line":116,"column":6},"end":{"line":116,"column":46}},"40":{"start":{"line":118,"column":4},"end":{"line":120,"column":5}},"41":{"start":{"line":119,"column":6},"end":{"line":119,"column":48}},"42":{"start":{"line":121,"column":4},"end":{"line":123,"column":5}},"43":{"start":{"line":122,"column":6},"end":{"line":122,"column":49}},"44":{"start":{"line":124,"column":4},"end":{"line":126,"column":5}},"45":{"start":{"line":125,"column":6},"end":{"line":125,"column":49}},"46":{"start":{"line":128,"column":2},"end":{"line":203,"column":4}}},"fnMap":{"0":{"name":"(anonymous_0)","decl":{"start":{"line":12,"column":17},"end":{"line":12,"column":18}},"loc":{"start":{"line":20,"column":6},"end":{"line":204,"column":1}},"line":20},"1":{"name":"(anonymous_1)","decl":{"start":{"line":56,"column":23},"end":{"line":56,"column":24}},"loc":{"start":{"line":56,"column":43},"end":{"line":107,"column":3}},"line":56},"2":{"name":"(anonymous_2)","decl":{"start":{"line":56,"column":43},"end":{"line":56,"column":44}},"loc":{"start":{"line":56,"column":64},"end":{"line":107,"column":3}},"line":56},"3":{"name":"(anonymous_3)","decl":{"start":{"line":58,"column":47},"end":{"line":58,"column":48}},"loc":{"start":{"line":58,"column":59},"end":{"line":58,"column":71}},"line":58},"4":{"name":"(anonymous_4)","decl":{"start":{"line":62,"column":18},"end":{"line":62,"column":19}},"loc":{"start":{"line":62,"column":34},"end":{"line":68,"column":7}},"line":62},"5":{"name":"(anonymous_5)","decl":{"start":{"line":71,"column":18},"end":{"line":71,"column":19}},"loc":{"start":{"line":71,"column":34},"end":{"line":77,"column":7}},"line":71},"6":{"name":"(anonymous_6)","decl":{"start":{"line":80,"column":18},"end":{"line":80,"column":19}},"loc":{"start":{"line":80,"column":34},"end":{"line":86,"column":7}},"line":80},"7":{"name":"(anonymous_7)","decl":{"start":{"line":89,"column":18},"end":{"line":89,"column":19}},"loc":{"start":{"line":89,"column":34},"end":{"line":95,"column":7}},"line":89},"8":{"name":"(anonymous_8)","decl":{"start":{"line":98,"column":18},"end":{"line":98,"column":19}},"loc":{"start":{"line":98,"column":34},"end":{"line":104,"column":7}},"line":98},"9":{"name":"(anonymous_9)","decl":{"start":{"line":109,"column":23},"end":{"line":109,"column":24}},"loc":{"start":{"line":109,"column":29},"end":{"line":127,"column":3}},"line":109}},"branchMap":{"0":{"loc":{"start":{"line":60,"column":4},"end":{"line":105,"column":5}},"type":"if","locations":[{"start":{"line":60,"column":4},"end":{"line":105,"column":5}},{"start":{"line":69,"column":11},"end":{"line":105,"column":5}}],"line":60},"1":{"loc":{"start":{"line":69,"column":11},"end":{"line":105,"column":5}},"type":"if","locations":[{"start":{"line":69,"column":11},"end":{"line":105,"column":5}},{"start":{"line":78,"column":11},"end":{"line":105,"column":5}}],"line":69},"2":{"loc":{"start":{"line":78,"column":11},"end":{"line":105,"column":5}},"type":"if","locations":[{"start":{"line":78,"column":11},"end":{"line":105,"column":5}},{"start":{"line":87,"column":11},"end":{"line":105,"column":5}}],"line":78},"3":{"loc":{"start":{"line":87,"column":11},"end":{"line":105,"column":5}},"type":"if","locations":[{"start":{"line":87,"column":11},"end":{"line":105,"column":5}},{"start":{"line":96,"column":11},"end":{"line":105,"column":5}}],"line":87},"4":{"loc":{"start":{"line":96,"column":11},"end":{"line":105,"column":5}},"type":"if","locations":[{"start":{"line":96,"column":11},"end":{"line":105,"column":5}},{"start":{},"end":{}}],"line":96},"5":{"loc":{"start":{"line":112,"column":4},"end":{"line":114,"column":5}},"type":"if","locations":[{"start":{"line":112,"column":4},"end":{"line":114,"column":5}},{"start":{},"end":{}}],"line":112},"6":{"loc":{"start":{"line":115,"column":4},"end":{"line":117,"column":5}},"type":"if","locations":[{"start":{"line":115,"column":4},"end":{"line":117,"column":5}},{"start":{},"end":{}}],"line":115},"7":{"loc":{"start":{"line":118,"column":4},"end":{"line":120,"column":5}},"type":"if","locations":[{"start":{"line":118,"column":4},"end":{"line":120,"column":5}},{"start":{},"end":{}}],"line":118},"8":{"loc":{"start":{"line":121,"column":4},"end":{"line":123,"column":5}},"type":"if","locations":[{"start":{"line":121,"column":4},"end":{"line":123,"column":5}},{"start":{},"end":{}}],"line":121},"9":{"loc":{"start":{"line":124,"column":4},"end":{"line":126,"column":5}},"type":"if","locations":[{"start":{"line":124,"column":4},"end":{"line":126,"column":5}},{"start":{},"end":{}}],"line":124}},"s":{"0":0,"1":0,"2":0,"3":0,"4":0,"5":0,"6":0,"7":0,"8":0,"9":0,"10":0,"11":0,"12":0,"13":0,"14":0,"15":0,"16":0,"17":0,"18":0,"19":0,"20":0,"21":0,"22":0,"23":0,"24":0,"25":0,"26":0,"27":0,"28":0,"29":0,"30":0,"31":0,"32":0,"33":0,"34":0,"35":0,"36":0,"37":0,"38":0,"39":0,"40":0,"41":0,"42":0,"43":0,"44":0,"45":0,"46":0},"f":{"0":0,"1":0,"2":0,"3":0,"4":0,"5":0,"6":0,"7":0,"8":0,"9":0},"b":{"0":[0,0],"1":[0,0],"2":[0,0],"3":[0,0],"4":[0,0],"5":[0,0],"6":[0,0],"7":[0,0],"8":[0,0],"9":[0,0]}}
,"C:\\Users\\saura\\Desktop\\SalesDocketDev\\src\\components\\BusninessTracker\\TableDataMapper.jsx": {"path":"C:\\Users\\saura\\Desktop\\SalesDocketDev\\src\\components\\BusninessTracker\\TableDataMapper.jsx","statementMap":{"0":{"start":{"line":4,"column":24},"end":{"line":38,"column":1}},"1":{"start":{"line":10,"column":2},"end":{"line":37,"column":4}},"2":{"start":{"line":14,"column":10},"end":{"line":34,"column":11}},"3":{"start":{"line":21,"column":39},"end":{"line":21,"column":75}}},"fnMap":{"0":{"name":"(anonymous_0)","decl":{"start":{"line":4,"column":24},"end":{"line":4,"column":25}},"loc":{"start":{"line":9,"column":6},"end":{"line":38,"column":1}},"line":9},"1":{"name":"(anonymous_1)","decl":{"start":{"line":13,"column":8},"end":{"line":13,"column":9}},"loc":{"start":{"line":14,"column":10},"end":{"line":34,"column":11}},"line":14},"2":{"name":"(anonymous_2)","decl":{"start":{"line":21,"column":33},"end":{"line":21,"column":34}},"loc":{"start":{"line":21,"column":39},"end":{"line":21,"column":75}},"line":21}},"branchMap":{"0":{"loc":{"start":{"line":14,"column":10},"end":{"line":34,"column":11}},"type":"binary-expr","locations":[{"start":{"line":14,"column":10},"end":{"line":14,"column":44}},{"start":{"line":15,"column":12},"end":{"line":33,"column":18}}],"line":14},"1":{"loc":{"start":{"line":22,"column":19},"end":{"line":22,"column":52}},"type":"cond-expr","locations":[{"start":{"line":22,"column":37},"end":{"line":22,"column":43}},{"start":{"line":22,"column":46},"end":{"line":22,"column":52}}],"line":22},"2":{"loc":{"start":{"line":25,"column":15},"end":{"line":32,"column":15}},"type":"binary-expr","locations":[{"start":{"line":25,"column":15},"end":{"line":25,"column":30}},{"start":{"line":25,"column":34},"end":{"line":25,"column":68}},{"start":{"line":26,"column":16},"end":{"line":31,"column":18}}],"line":25}},"s":{"0":0,"1":0,"2":0,"3":0},"f":{"0":0,"1":0,"2":0},"b":{"0":[0,0],"1":[0,0],"2":[0,0,0]}}
,"C:\\Users\\saura\\Desktop\\SalesDocketDev\\src\\components\\CustomDatePicker\\CustomDatePicker.jsx": {"path":"C:\\Users\\saura\\Desktop\\SalesDocketDev\\src\\components\\CustomDatePicker\\CustomDatePicker.jsx","statementMap":{"0":{"start":{"line":9,"column":25},"end":{"line":37,"column":1}},"1":{"start":{"line":10,"column":2},"end":{"line":36,"column":4}},"2":{"start":{"line":29,"column":12},"end":{"line":29,"column":29}},"3":{"start":{"line":30,"column":12},"end":{"line":30,"column":29}}},"fnMap":{"0":{"name":"(anonymous_0)","decl":{"start":{"line":9,"column":25},"end":{"line":9,"column":26}},"loc":{"start":{"line":9,"column":74},"end":{"line":37,"column":1}},"line":9},"1":{"name":"(anonymous_1)","decl":{"start":{"line":28,"column":20},"end":{"line":28,"column":21}},"loc":{"start":{"line":28,"column":33},"end":{"line":31,"column":11}},"line":28}},"branchMap":{"0":{"loc":{"start":{"line":17,"column":12},"end":{"line":17,"column":44}},"type":"binary-expr","locations":[{"start":{"line":17,"column":12},"end":{"line":17,"column":17}},{"start":{"line":17,"column":21},"end":{"line":17,"column":44}}],"line":17},"1":{"loc":{"start":{"line":21,"column":11},"end":{"line":21,"column":60}},"type":"cond-expr","locations":[{"start":{"line":21,"column":18},"end":{"line":21,"column":37}},{"start":{"line":21,"column":40},"end":{"line":21,"column":60}}],"line":21}},"s":{"0":0,"1":0,"2":0,"3":0},"f":{"0":0,"1":0},"b":{"0":[0,0],"1":[0,0]}}
,"C:\\Users\\saura\\Desktop\\SalesDocketDev\\src\\components\\DeliveryAnalysisComponents\\DateModal.jsx": {"path":"C:\\Users\\saura\\Desktop\\SalesDocketDev\\src\\components\\DeliveryAnalysisComponents\\DateModal.jsx","statementMap":{"0":{"start":{"line":15,"column":18},"end":{"line":53,"column":1}},"1":{"start":{"line":16,"column":26},"end":{"line":16,"column":40}},"2":{"start":{"line":18,"column":2},"end":{"line":52,"column":4}},"3":{"start":{"line":22,"column":33},"end":{"line":22,"column":47}},"4":{"start":{"line":45,"column":35},"end":{"line":45,"column":49}}},"fnMap":{"0":{"name":"(anonymous_0)","decl":{"start":{"line":15,"column":18},"end":{"line":15,"column":19}},"loc":{"start":{"line":15,"column":68},"end":{"line":53,"column":1}},"line":15},"1":{"name":"(anonymous_1)","decl":{"start":{"line":22,"column":27},"end":{"line":22,"column":28}},"loc":{"start":{"line":22,"column":33},"end":{"line":22,"column":47}},"line":22},"2":{"name":"(anonymous_2)","decl":{"start":{"line":34,"column":23},"end":{"line":34,"column":24}},"loc":{"start":{"line":34,"column":29},"end":{"line":34,"column":31}},"line":34},"3":{"name":"(anonymous_3)","decl":{"start":{"line":42,"column":23},"end":{"line":42,"column":24}},"loc":{"start":{"line":42,"column":29},"end":{"line":42,"column":31}},"line":42},"4":{"name":"(anonymous_4)","decl":{"start":{"line":45,"column":29},"end":{"line":45,"column":30}},"loc":{"start":{"line":45,"column":35},"end":{"line":45,"column":49}},"line":45}},"branchMap":{},"s":{"0":0,"1":0,"2":0,"3":0,"4":0},"f":{"0":0,"1":0,"2":0,"3":0,"4":0},"b":{}}
,"C:\\Users\\saura\\Desktop\\SalesDocketDev\\src\\components\\DeliveryAnalysisComponents\\DeliveryAnalysisTableTwo.jsx": {"path":"C:\\Users\\saura\\Desktop\\SalesDocketDev\\src\\components\\DeliveryAnalysisComponents\\DeliveryAnalysisTableTwo.jsx","statementMap":{"0":{"start":{"line":5,"column":33},"end":{"line":92,"column":1}},"1":{"start":{"line":6,"column":19},"end":{"line":6,"column":32}},"2":{"start":{"line":7,"column":22},"end":{"line":17,"column":3}},"3":{"start":{"line":8,"column":23},"end":{"line":8,"column":53}},"4":{"start":{"line":10,"column":4},"end":{"line":16,"column":6}},"5":{"start":{"line":18,"column":2},"end":{"line":91,"column":4}},"6":{"start":{"line":24,"column":14},"end":{"line":36,"column":15}},"7":{"start":{"line":41,"column":14},"end":{"line":43,"column":19}},"8":{"start":{"line":50,"column":14},"end":{"line":86,"column":15}},"9":{"start":{"line":54,"column":35},"end":{"line":54,"column":60}}},"fnMap":{"0":{"name":"(anonymous_0)","decl":{"start":{"line":5,"column":33},"end":{"line":5,"column":34}},"loc":{"start":{"line":5,"column":63},"end":{"line":92,"column":1}},"line":5},"1":{"name":"(anonymous_1)","decl":{"start":{"line":7,"column":22},"end":{"line":7,"column":23}},"loc":{"start":{"line":7,"column":33},"end":{"line":17,"column":3}},"line":7},"2":{"name":"(anonymous_2)","decl":{"start":{"line":23,"column":45},"end":{"line":23,"column":46}},"loc":{"start":{"line":24,"column":14},"end":{"line":36,"column":15}},"line":24},"3":{"name":"(anonymous_3)","decl":{"start":{"line":40,"column":46},"end":{"line":40,"column":47}},"loc":{"start":{"line":41,"column":14},"end":{"line":43,"column":19}},"line":41},"4":{"name":"(anonymous_4)","decl":{"start":{"line":49,"column":12},"end":{"line":49,"column":13}},"loc":{"start":{"line":50,"column":14},"end":{"line":86,"column":15}},"line":50},"5":{"name":"(anonymous_5)","decl":{"start":{"line":54,"column":29},"end":{"line":54,"column":30}},"loc":{"start":{"line":54,"column":35},"end":{"line":54,"column":60}},"line":54}},"branchMap":{"0":{"loc":{"start":{"line":24,"column":14},"end":{"line":36,"column":15}},"type":"cond-expr","locations":[{"start":{"line":25,"column":16},"end":{"line":27,"column":21}},{"start":{"line":29,"column":16},"end":{"line":35,"column":21}}],"line":24},"1":{"loc":{"start":{"line":50,"column":14},"end":{"line":86,"column":15}},"type":"binary-expr","locations":[{"start":{"line":50,"column":14},"end":{"line":50,"column":25}},{"start":{"line":51,"column":16},"end":{"line":85,"column":21}}],"line":50}},"s":{"0":0,"1":0,"2":0,"3":0,"4":0,"5":0,"6":0,"7":0,"8":0,"9":0},"f":{"0":0,"1":0,"2":0,"3":0,"4":0,"5":0},"b":{"0":[0,0],"1":[0,0]}}
,"C:\\Users\\saura\\Desktop\\SalesDocketDev\\src\\components\\LostLeadsComponents\\StatsCardList\\StatsCardList.jsx": {"path":"C:\\Users\\saura\\Desktop\\SalesDocketDev\\src\\components\\LostLeadsComponents\\StatsCardList\\StatsCardList.jsx","statementMap":{"0":{"start":{"line":7,"column":22},"end":{"line":37,"column":1}},"1":{"start":{"line":8,"column":2},"end":{"line":36,"column":4}}},"fnMap":{"0":{"name":"(anonymous_0)","decl":{"start":{"line":7,"column":22},"end":{"line":7,"column":23}},"loc":{"start":{"line":7,"column":28},"end":{"line":37,"column":1}},"line":7}},"branchMap":{},"s":{"0":0,"1":0},"f":{"0":0},"b":{}}
,"C:\\Users\\saura\\Desktop\\SalesDocketDev\\src\\components\\Slection_Panel\\Tableselection.jsx": {"path":"C:\\Users\\saura\\Desktop\\SalesDocketDev\\src\\components\\Slection_Panel\\Tableselection.jsx","statementMap":{"0":{"start":{"line":7,"column":40},"end":{"line":7,"column":52}},"1":{"start":{"line":9,"column":2},"end":{"line":9,"column":27}},"2":{"start":{"line":11,"column":19},"end":{"line":11,"column":32}},"3":{"start":{"line":12,"column":24},"end":{"line":12,"column":67}},"4":{"start":{"line":12,"column":47},"end":{"line":12,"column":66}},"5":{"start":{"line":13,"column":2},"end":{"line":13,"column":41}},"6":{"start":{"line":15,"column":22},"end":{"line":17,"column":3}},"7":{"start":{"line":16,"column":4},"end":{"line":16,"column":45}},"8":{"start":{"line":18,"column":2},"end":{"line":77,"column":4}},"9":{"start":{"line":22,"column":33},"end":{"line":22,"column":58}},"10":{"start":{"line":26,"column":33},"end":{"line":26,"column":46}},"11":{"start":{"line":49,"column":18},"end":{"line":67,"column":23}},"12":{"start":{"line":52,"column":37},"end":{"line":52,"column":67}}},"fnMap":{"0":{"name":"TableSelection","decl":{"start":{"line":6,"column":9},"end":{"line":6,"column":23}},"loc":{"start":{"line":6,"column":37},"end":{"line":78,"column":1}},"line":6},"1":{"name":"(anonymous_1)","decl":{"start":{"line":12,"column":36},"end":{"line":12,"column":37}},"loc":{"start":{"line":12,"column":47},"end":{"line":12,"column":66}},"line":12},"2":{"name":"(anonymous_2)","decl":{"start":{"line":15,"column":22},"end":{"line":15,"column":23}},"loc":{"start":{"line":15,"column":37},"end":{"line":17,"column":3}},"line":15},"3":{"name":"(anonymous_3)","decl":{"start":{"line":22,"column":27},"end":{"line":22,"column":28}},"loc":{"start":{"line":22,"column":33},"end":{"line":22,"column":58}},"line":22},"4":{"name":"(anonymous_4)","decl":{"start":{"line":26,"column":27},"end":{"line":26,"column":28}},"loc":{"start":{"line":26,"column":33},"end":{"line":26,"column":46}},"line":26},"5":{"name":"(anonymous_5)","decl":{"start":{"line":48,"column":34},"end":{"line":48,"column":35}},"loc":{"start":{"line":49,"column":18},"end":{"line":67,"column":23}},"line":49},"6":{"name":"(anonymous_6)","decl":{"start":{"line":52,"column":31},"end":{"line":52,"column":32}},"loc":{"start":{"line":52,"column":37},"end":{"line":52,"column":67}},"line":52}},"branchMap":{"0":{"loc":{"start":{"line":47,"column":15},"end":{"line":71,"column":15}},"type":"cond-expr","locations":[{"start":{"line":48,"column":16},"end":{"line":68,"column":18}},{"start":{"line":70,"column":16},"end":{"line":70,"column":66}}],"line":47},"1":{"loc":{"start":{"line":63,"column":23},"end":{"line":65,"column":39}},"type":"cond-expr","locations":[{"start":{"line":64,"column":26},"end":{"line":64,"column":50}},{"start":{"line":65,"column":26},"end":{"line":65,"column":39}}],"line":63}},"s":{"0":0,"1":0,"2":0,"3":0,"4":0,"5":0,"6":0,"7":0,"8":0,"9":0,"10":0,"11":0,"12":0},"f":{"0":0,"1":0,"2":0,"3":0,"4":0,"5":0,"6":0},"b":{"0":[0,0],"1":[0,0]}}
,"C:\\Users\\saura\\Desktop\\SalesDocketDev\\src\\components\\Table\\DataTable.jsx": {"path":"C:\\Users\\saura\\Desktop\\SalesDocketDev\\src\\components\\Table\\DataTable.jsx","statementMap":{"0":{"start":{"line":5,"column":18},"end":{"line":61,"column":1}},"1":{"start":{"line":6,"column":19},"end":{"line":6,"column":32}},"2":{"start":{"line":7,"column":21},"end":{"line":7,"column":64}},"3":{"start":{"line":7,"column":44},"end":{"line":7,"column":63}},"4":{"start":{"line":8,"column":22},"end":{"line":17,"column":3}},"5":{"start":{"line":9,"column":4},"end":{"line":9,"column":38}},"6":{"start":{"line":10,"column":4},"end":{"line":16,"column":6}},"7":{"start":{"line":19,"column":2},"end":{"line":19,"column":36}},"8":{"start":{"line":20,"column":2},"end":{"line":60,"column":4}},"9":{"start":{"line":26,"column":14},"end":{"line":31,"column":19}},"10":{"start":{"line":37,"column":12},"end":{"line":55,"column":17}},"11":{"start":{"line":39,"column":16},"end":{"line":53,"column":21}},"12":{"start":{"line":48,"column":30},"end":{"line":48,"column":62}}},"fnMap":{"0":{"name":"(anonymous_0)","decl":{"start":{"line":5,"column":18},"end":{"line":5,"column":19}},"loc":{"start":{"line":5,"column":71},"end":{"line":61,"column":1}},"line":5},"1":{"name":"(anonymous_1)","decl":{"start":{"line":7,"column":33},"end":{"line":7,"column":34}},"loc":{"start":{"line":7,"column":44},"end":{"line":7,"column":63}},"line":7},"2":{"name":"(anonymous_2)","decl":{"start":{"line":8,"column":22},"end":{"line":8,"column":23}},"loc":{"start":{"line":8,"column":45},"end":{"line":17,"column":3}},"line":8},"3":{"name":"(anonymous_3)","decl":{"start":{"line":25,"column":25},"end":{"line":25,"column":26}},"loc":{"start":{"line":26,"column":14},"end":{"line":31,"column":19}},"line":26},"4":{"name":"(anonymous_4)","decl":{"start":{"line":36,"column":20},"end":{"line":36,"column":21}},"loc":{"start":{"line":37,"column":12},"end":{"line":55,"column":17}},"line":37},"5":{"name":"(anonymous_5)","decl":{"start":{"line":38,"column":27},"end":{"line":38,"column":28}},"loc":{"start":{"line":39,"column":16},"end":{"line":53,"column":21}},"line":39},"6":{"name":"(anonymous_6)","decl":{"start":{"line":48,"column":24},"end":{"line":48,"column":25}},"loc":{"start":{"line":48,"column":30},"end":{"line":48,"column":62}},"line":48}},"branchMap":{"0":{"loc":{"start":{"line":5,"column":47},"end":{"line":5,"column":64}},"type":"default-arg","locations":[{"start":{"line":5,"column":58},"end":{"line":5,"column":64}}],"line":5},"1":{"loc":{"start":{"line":42,"column":20},"end":{"line":44,"column":26}},"type":"cond-expr","locations":[{"start":{"line":43,"column":24},"end":{"line":43,"column":54}},{"start":{"line":44,"column":24},"end":{"line":44,"column":26}}],"line":42},"2":{"loc":{"start":{"line":42,"column":20},"end":{"line":42,"column":57}},"type":"binary-expr","locations":[{"start":{"line":42,"column":20},"end":{"line":42,"column":39}},{"start":{"line":42,"column":43},"end":{"line":42,"column":57}}],"line":42},"3":{"loc":{"start":{"line":47,"column":20},"end":{"line":49,"column":28}},"type":"cond-expr","locations":[{"start":{"line":48,"column":24},"end":{"line":48,"column":62}},{"start":{"line":49,"column":24},"end":{"line":49,"column":28}}],"line":47}},"s":{"0":0,"1":0,"2":0,"3":0,"4":0,"5":0,"6":0,"7":0,"8":0,"9":0,"10":0,"11":0,"12":0},"f":{"0":0,"1":0,"2":0,"3":0,"4":0,"5":0,"6":0},"b":{"0":[0],"1":[0,0],"2":[0,0],"3":[0,0]}}
}
