{"/Users/ishasidhu20/Desktop/Himanshu/workspace /SalesDocketDev/src/pages/AllLeads/AllLeads.jsx": {"path":"/Users/ishasidhu20/Desktop/Himanshu/workspace /SalesDocketDev/src/pages/AllLeads/AllLeads.jsx","statementMap":{"0":{"start":{"line":7,"column":17},"end":{"line":73,"column":1}},"1":{"start":{"line":8,"column":34},"end":{"line":8,"column":49}},"2":{"start":{"line":9,"column":34},"end":{"line":9,"column":44}},"3":{"start":{"line":10,"column":30},"end":{"line":10,"column":40}},"4":{"start":{"line":11,"column":34},"end":{"line":11,"column":46}},"5":{"start":{"line":13,"column":24},"end":{"line":17,"column":3}},"6":{"start":{"line":18,"column":2},"end":{"line":72,"column":4}}},"fnMap":{"0":{"name":"(anonymous_0)","decl":{"start":{"line":7,"column":17},"end":{"line":7,"column":18}},"loc":{"start":{"line":7,"column":23},"end":{"line":73,"column":1}},"line":7}},"branchMap":{},"s":{"0":0,"1":0,"2":0,"3":0,"4":0,"5":0,"6":0},"f":{"0":0},"b":{}}
,"/Users/ishasidhu20/Desktop/Himanshu/workspace /SalesDocketDev/src/pages/BookingAnalysis/BookingAnalysis.jsx": {"path":"/Users/ishasidhu20/Desktop/Himanshu/workspace /SalesDocketDev/src/pages/BookingAnalysis/BookingAnalysis.jsx","statementMap":{"0":{"start":{"line":15,"column":24},"end":{"line":134,"column":1}},"1":{"start":{"line":16,"column":34},"end":{"line":16,"column":49}},"2":{"start":{"line":17,"column":38},"end":{"line":17,"column":50}},"3":{"start":{"line":18,"column":48},"end":{"line":18,"column":60}},"4":{"start":{"line":19,"column":52},"end":{"line":19,"column":64}},"5":{"start":{"line":20,"column":52},"end":{"line":20,"column":64}},"6":{"start":{"line":21,"column":54},"end":{"line":21,"column":81}},"7":{"start":{"line":23,"column":2},"end":{"line":33,"column":9}},"8":{"start":{"line":24,"column":4},"end":{"line":32,"column":9}},"9":{"start":{"line":27,"column":8},"end":{"line":27,"column":68}},"10":{"start":{"line":28,"column":8},"end":{"line":28,"column":68}},"11":{"start":{"line":31,"column":8},"end":{"line":31,"column":25}},"12":{"start":{"line":35,"column":26},"end":{"line":39,"column":3}},"13":{"start":{"line":36,"column":31},"end":{"line":36,"column":51}},"14":{"start":{"line":37,"column":4},"end":{"line":37,"column":59}},"15":{"start":{"line":38,"column":4},"end":{"line":38,"column":43}},"16":{"start":{"line":41,"column":2},"end":{"line":53,"column":9}},"17":{"start":{"line":42,"column":4},"end":{"line":49,"column":9}},"18":{"start":{"line":45,"column":8},"end":{"line":45,"column":49}},"19":{"start":{"line":48,"column":8},"end":{"line":48,"column":25}},"20":{"start":{"line":51,"column":35},"end":{"line":51,"column":62}},"21":{"start":{"line":51,"column":56},"end":{"line":51,"column":61}},"22":{"start":{"line":52,"column":4},"end":{"line":52,"column":47}},"23":{"start":{"line":55,"column":2},"end":{"line":133,"column":4}},"24":{"start":{"line":94,"column":10},"end":{"line":105,"column":19}},"25":{"start":{"line":101,"column":14},"end":{"line":101,"column":52}},"26":{"start":{"line":123,"column":12},"end":{"line":129,"column":14}}},"fnMap":{"0":{"name":"(anonymous_0)","decl":{"start":{"line":15,"column":24},"end":{"line":15,"column":25}},"loc":{"start":{"line":15,"column":30},"end":{"line":134,"column":1}},"line":15},"1":{"name":"(anonymous_1)","decl":{"start":{"line":23,"column":12},"end":{"line":23,"column":13}},"loc":{"start":{"line":23,"column":18},"end":{"line":33,"column":3}},"line":23},"2":{"name":"(anonymous_2)","decl":{"start":{"line":26,"column":12},"end":{"line":26,"column":13}},"loc":{"start":{"line":26,"column":21},"end":{"line":29,"column":7}},"line":26},"3":{"name":"(anonymous_3)","decl":{"start":{"line":30,"column":13},"end":{"line":30,"column":14}},"loc":{"start":{"line":30,"column":22},"end":{"line":32,"column":7}},"line":30},"4":{"name":"(anonymous_4)","decl":{"start":{"line":35,"column":26},"end":{"line":35,"column":27}},"loc":{"start":{"line":35,"column":37},"end":{"line":39,"column":3}},"line":35},"5":{"name":"(anonymous_5)","decl":{"start":{"line":41,"column":12},"end":{"line":41,"column":13}},"loc":{"start":{"line":41,"column":18},"end":{"line":53,"column":3}},"line":41},"6":{"name":"(anonymous_6)","decl":{"start":{"line":44,"column":12},"end":{"line":44,"column":13}},"loc":{"start":{"line":44,"column":21},"end":{"line":46,"column":7}},"line":44},"7":{"name":"(anonymous_7)","decl":{"start":{"line":47,"column":13},"end":{"line":47,"column":14}},"loc":{"start":{"line":47,"column":22},"end":{"line":49,"column":7}},"line":47},"8":{"name":"(anonymous_8)","decl":{"start":{"line":51,"column":50},"end":{"line":51,"column":51}},"loc":{"start":{"line":51,"column":56},"end":{"line":51,"column":61}},"line":51},"9":{"name":"(anonymous_9)","decl":{"start":{"line":93,"column":31},"end":{"line":93,"column":32}},"loc":{"start":{"line":94,"column":10},"end":{"line":105,"column":19}},"line":94},"10":{"name":"(anonymous_10)","decl":{"start":{"line":100,"column":21},"end":{"line":100,"column":22}},"loc":{"start":{"line":100,"column":27},"end":{"line":102,"column":13}},"line":100},"11":{"name":"(anonymous_11)","decl":{"start":{"line":122,"column":25},"end":{"line":122,"column":26}},"loc":{"start":{"line":123,"column":12},"end":{"line":129,"column":14}},"line":123}},"branchMap":{"0":{"loc":{"start":{"line":96,"column":67},"end":{"line":98,"column":22}},"type":"cond-expr","locations":[{"start":{"line":97,"column":16},"end":{"line":97,"column":52}},{"start":{"line":98,"column":16},"end":{"line":98,"column":22}}],"line":96},"1":{"loc":{"start":{"line":108,"column":7},"end":{"line":118,"column":7}},"type":"binary-expr","locations":[{"start":{"line":108,"column":7},"end":{"line":108,"column":44}},{"start":{"line":109,"column":8},"end":{"line":117,"column":14}}],"line":108},"2":{"loc":{"start":{"line":121,"column":9},"end":{"line":130,"column":12}},"type":"binary-expr","locations":[{"start":{"line":121,"column":9},"end":{"line":121,"column":30}},{"start":{"line":122,"column":10},"end":{"line":130,"column":12}}],"line":121}},"s":{"0":0,"1":0,"2":0,"3":0,"4":0,"5":0,"6":0,"7":0,"8":0,"9":0,"10":0,"11":0,"12":0,"13":0,"14":0,"15":0,"16":0,"17":0,"18":0,"19":0,"20":0,"21":0,"22":0,"23":0,"24":0,"25":0,"26":0},"f":{"0":0,"1":0,"2":0,"3":0,"4":0,"5":0,"6":0,"7":0,"8":0,"9":0,"10":0,"11":0},"b":{"0":[0,0],"1":[0,0],"2":[0,0]}}
,"/Users/ishasidhu20/Desktop/Himanshu/workspace /SalesDocketDev/src/store/store.jsx": {"path":"/Users/ishasidhu20/Desktop/Himanshu/workspace /SalesDocketDev/src/store/store.jsx","statementMap":{"0":{"start":{"line":5,"column":14},"end":{"line":10,"column":2}}},"fnMap":{},"branchMap":{},"s":{"0":3},"f":{},"b":{},"_coverageSchema":"1a1c01bbd47fc00a2c39e90264f33305004495a9","hash":"cd3822a1e43fa758c90feaac81c12ef8c7d26ec8"}
}
