TN:
SF:src\pages\AllLeads\AllLeads.jsx
FN:7,(anonymous_0)
FNF:1
FNH:1
FNDA:3,(anonymous_0)
DA:7,1
DA:8,3
DA:9,2
DA:10,2
DA:11,2
DA:13,2
DA:18,2
LF:7
LH:7
BRF:0
BRH:0
end_of_record
TN:
SF:src\pages\BookingAnalysis\BookingAnalysis.jsx
FN:15,(anonymous_0)
FN:23,(anonymous_1)
FN:26,(anonymous_2)
FN:30,(anonymous_3)
FN:35,(anonymous_4)
FN:41,(anonymous_5)
FN:44,(anonymous_6)
FN:47,(anonymous_7)
FN:51,(anonymous_8)
FN:93,(anonymous_9)
FN:100,(anonymous_10)
FN:122,(anonymous_11)
FNF:12
FNH:0
FNDA:0,(anonymous_0)
FNDA:0,(anonymous_1)
FNDA:0,(anonymous_2)
FNDA:0,(anonymous_3)
FNDA:0,(anonymous_4)
FNDA:0,(anonymous_5)
FNDA:0,(anonymous_6)
FNDA:0,(anonymous_7)
FNDA:0,(anonymous_8)
FNDA:0,(anonymous_9)
FNDA:0,(anonymous_10)
FNDA:0,(anonymous_11)
DA:15,0
DA:16,0
DA:17,0
DA:18,0
DA:19,0
DA:20,0
DA:21,0
DA:23,0
DA:24,0
DA:27,0
DA:28,0
DA:31,0
DA:35,0
DA:36,0
DA:37,0
DA:38,0
DA:41,0
DA:42,0
DA:45,0
DA:48,0
DA:51,0
DA:52,0
DA:55,0
DA:94,0
DA:101,0
DA:123,0
LF:26
LH:0
BRDA:96,0,0,0
BRDA:96,0,1,0
BRDA:108,1,0,0
BRDA:108,1,1,0
BRDA:121,2,0,0
BRDA:121,2,1,0
BRF:6
BRH:0
end_of_record
TN:
SF:src\pages\BusinessTrend\BusinessTrend.jsx
FN:8,(anonymous_0)
FNF:1
FNH:0
FNDA:0,(anonymous_0)
DA:8,0
DA:9,0
DA:10,0
LF:3
LH:0
BRF:0
BRH:0
end_of_record
TN:
SF:src\pages\BusinessTrend\DealerWise.jsx
FN:12,DealerWise
FN:116,(anonymous_1)
FN:119,(anonymous_2)
FN:123,(anonymous_3)
FN:148,(anonymous_4)
FN:156,(anonymous_5)
FN:171,(anonymous_6)
FNF:7
FNH:0
FNDA:0,DealerWise
FNDA:0,(anonymous_1)
FNDA:0,(anonymous_2)
FNDA:0,(anonymous_3)
FNDA:0,(anonymous_4)
FNDA:0,(anonymous_5)
FNDA:0,(anonymous_6)
DA:13,0
DA:14,0
DA:15,0
DA:16,0
DA:17,0
DA:18,0
DA:19,0
DA:20,0
DA:21,0
DA:23,0
DA:26,0
DA:28,0
DA:31,0
DA:33,0
DA:36,0
DA:38,0
DA:41,0
DA:43,0
DA:46,0
DA:48,0
DA:49,0
DA:51,0
DA:52,0
DA:54,0
DA:57,0
DA:60,0
DA:61,0
DA:62,0
DA:63,0
DA:65,0
DA:71,0
DA:116,0
DA:117,0
DA:120,0
DA:121,0
DA:124,0
DA:128,0
DA:149,0
DA:157,0
DA:158,0
DA:159,0
DA:172,0
LF:42
LH:0
BRDA:26,0,0,0
BRDA:26,0,1,0
BRDA:26,0,2,0
BRDA:26,0,3,0
BRDA:26,0,4,0
BRDA:26,0,5,0
BRDA:26,0,6,0
BRDA:152,1,0,0
BRDA:152,1,1,0
BRF:9
BRH:0
end_of_record
TN:
SF:src\pages\BusinessTrend\ModelWise.jsx
FN:12,ModelWise
FN:120,(anonymous_1)
FN:123,(anonymous_2)
FN:127,(anonymous_3)
FN:149,(anonymous_4)
FN:157,(anonymous_5)
FN:169,(anonymous_6)
FNF:7
FNH:0
FNDA:0,ModelWise
FNDA:0,(anonymous_1)
FNDA:0,(anonymous_2)
FNDA:0,(anonymous_3)
FNDA:0,(anonymous_4)
FNDA:0,(anonymous_5)
FNDA:0,(anonymous_6)
DA:13,0
DA:14,0
DA:15,0
DA:16,0
DA:17,0
DA:18,0
DA:19,0
DA:20,0
DA:21,0
DA:22,0
DA:23,0
DA:24,0
DA:27,0
DA:29,0
DA:32,0
DA:34,0
DA:37,0
DA:39,0
DA:42,0
DA:44,0
DA:47,0
DA:49,0
DA:52,0
DA:54,0
DA:57,0
DA:59,0
DA:65,0
DA:67,0
DA:70,0
DA:72,0
DA:73,0
DA:74,0
DA:75,0
DA:76,0
DA:77,0
DA:83,0
DA:120,0
DA:121,0
DA:124,0
DA:125,0
DA:128,0
DA:132,0
DA:150,0
DA:158,0
DA:159,0
DA:170,0
LF:46
LH:0
BRDA:27,0,0,0
BRDA:27,0,1,0
BRDA:27,0,2,0
BRDA:27,0,3,0
BRDA:27,0,4,0
BRDA:27,0,5,0
BRDA:27,0,6,0
BRDA:27,0,7,0
BRDA:153,1,0,0
BRDA:153,1,1,0
BRF:10
BRH:0
end_of_record
TN:
SF:src\pages\Closedleads\ClosedLeads.jsx
FN:14,(anonymous_0)
FN:56,(anonymous_1)
FN:63,(anonymous_2)
FN:203,(anonymous_3)
FN:206,(anonymous_4)
FN:210,(anonymous_5)
FN:214,(anonymous_6)
FN:265,(anonymous_7)
FN:272,(anonymous_8)
FN:292,(anonymous_9)
FN:300,(anonymous_10)
FN:317,(anonymous_11)
FNF:12
FNH:6
FNDA:2,(anonymous_0)
FNDA:0,(anonymous_1)
FNDA:1,(anonymous_2)
FNDA:1,(anonymous_3)
FNDA:0,(anonymous_4)
FNDA:0,(anonymous_5)
FNDA:0,(anonymous_6)
FNDA:5,(anonymous_7)
FNDA:15,(anonymous_8)
FNDA:10,(anonymous_9)
FNDA:0,(anonymous_10)
FNDA:0,(anonymous_11)
DA:14,1
DA:15,2
DA:16,1
DA:17,1
DA:18,1
DA:19,1
DA:20,1
DA:21,1
DA:22,1
DA:23,1
DA:48,1
DA:56,1
DA:57,0
DA:58,0
DA:59,0
DA:60,0
DA:63,1
DA:64,1
DA:65,1
DA:66,1
DA:67,1
DA:69,1
DA:78,1
DA:79,1
DA:80,1
DA:81,1
DA:82,1
DA:83,1
DA:84,1
DA:86,0
DA:87,0
DA:88,0
DA:89,0
DA:90,0
DA:91,0
DA:92,0
DA:93,0
DA:96,0
DA:108,0
DA:109,0
DA:110,0
DA:111,0
DA:112,0
DA:113,0
DA:114,0
DA:116,0
DA:117,0
DA:118,0
DA:119,0
DA:120,0
DA:121,0
DA:122,0
DA:123,0
DA:125,0
DA:126,0
DA:127,0
DA:128,0
DA:129,0
DA:130,0
DA:131,0
DA:132,0
DA:134,0
DA:141,0
DA:142,0
DA:143,0
DA:144,0
DA:145,0
DA:146,0
DA:147,0
DA:149,0
DA:150,0
DA:151,0
DA:152,0
DA:153,0
DA:154,0
DA:155,0
DA:156,0
DA:158,0
DA:165,0
DA:166,0
DA:167,0
DA:168,0
DA:169,0
DA:170,0
DA:171,0
DA:173,0
DA:180,0
DA:181,0
DA:182,0
DA:183,0
DA:184,0
DA:185,0
DA:186,0
DA:190,1
DA:203,1
DA:204,1
DA:207,0
DA:208,0
DA:211,0
DA:214,0
DA:215,0
DA:218,1
DA:266,5
DA:273,15
DA:293,10
DA:300,0
DA:318,0
LF:107
LH:32
BRDA:67,0,0,1
BRDA:67,0,1,0
BRDA:67,0,2,0
BRDA:67,0,3,0
BRDA:67,0,4,0
BRDA:67,0,5,0
BRDA:67,0,6,0
BRDA:67,0,7,0
BRDA:67,0,8,0
BRDA:296,1,0,1
BRDA:296,1,1,9
BRDA:316,2,0,1
BRDA:316,2,1,0
BRF:13
BRH:4
end_of_record
TN:
SF:src\pages\DeliveryAnalysis\DeliveryAnalysis.jsx
FN:16,(anonymous_0)
FN:41,(anonymous_1)
FN:131,(anonymous_2)
FN:139,(anonymous_3)
FNF:4
FNH:3
FNDA:2,(anonymous_0)
FNDA:1,(anonymous_1)
FNDA:13,(anonymous_2)
FNDA:0,(anonymous_3)
DA:16,1
DA:17,2
DA:18,1
DA:19,1
DA:20,1
DA:21,1
DA:22,1
DA:23,1
DA:25,1
DA:41,1
DA:42,1
DA:43,1
DA:44,1
DA:45,1
DA:47,1
DA:48,1
DA:49,1
DA:50,1
DA:51,1
DA:53,0
DA:54,0
DA:55,0
DA:56,0
DA:57,0
DA:59,0
DA:60,0
DA:61,0
DA:62,0
DA:63,0
DA:65,0
DA:66,0
DA:67,0
DA:68,0
DA:69,0
DA:70,0
DA:71,0
DA:72,0
DA:73,0
DA:76,0
DA:77,0
DA:78,0
DA:79,0
DA:80,0
DA:83,0
DA:86,1
DA:132,13
DA:139,0
LF:47
LH:21
BRDA:45,0,0,1
BRDA:45,0,1,0
BRDA:45,0,2,0
BRDA:45,0,3,0
BRDA:45,0,4,0
BRDA:45,0,5,0
BRDA:135,1,0,1
BRDA:135,1,1,12
BRDA:147,2,0,1
BRDA:147,2,1,0
BRF:10
BRH:4
end_of_record
TN:
SF:src\pages\FollowUp\FollowUp.jsx
FN:8,(anonymous_0)
FN:14,(anonymous_1)
FN:34,(anonymous_2)
FN:35,(anonymous_3)
FN:36,(anonymous_4)
FN:37,(anonymous_5)
FN:38,(anonymous_6)
FNF:7
FNH:1
FNDA:1,(anonymous_0)
FNDA:0,(anonymous_1)
FNDA:0,(anonymous_2)
FNDA:0,(anonymous_3)
FNDA:0,(anonymous_4)
FNDA:0,(anonymous_5)
FNDA:0,(anonymous_6)
DA:8,1
DA:9,1
DA:11,1
DA:12,1
DA:14,1
DA:15,0
DA:16,0
DA:19,1
DA:20,1
DA:34,0
DA:35,0
DA:36,0
DA:37,0
DA:38,0
LF:14
LH:7
BRDA:28,0,0,1
BRDA:28,0,1,0
BRDA:45,1,0,0
BRDA:45,1,1,0
BRF:4
BRH:1
end_of_record
TN:
SF:src\pages\FollowUp\FollowUpPending.jsx
FN:7,(anonymous_0)
FN:19,(anonymous_1)
FN:75,(anonymous_2)
FN:83,(anonymous_3)
FN:93,(anonymous_4)
FNF:5
FNH:3
FNDA:2,(anonymous_0)
FNDA:1,(anonymous_1)
FNDA:8,(anonymous_2)
FNDA:0,(anonymous_3)
FNDA:0,(anonymous_4)
DA:7,2
DA:8,2
DA:9,2
DA:10,2
DA:12,2
DA:19,2
DA:20,1
DA:21,1
DA:23,1
DA:24,1
DA:25,1
DA:26,1
DA:28,0
DA:34,0
DA:35,0
DA:36,0
DA:38,0
DA:44,0
DA:45,0
DA:46,0
DA:48,0
DA:49,0
DA:50,0
DA:51,0
DA:53,0
DA:59,0
DA:60,0
DA:61,0
DA:64,2
DA:76,8
DA:83,0
DA:94,0
LF:32
LH:14
BRDA:21,0,0,1
BRDA:21,0,1,0
BRDA:21,0,2,0
BRDA:21,0,3,0
BRDA:21,0,4,0
BRDA:79,1,0,2
BRDA:79,1,1,6
BRF:7
BRH:3
end_of_record
TN:
SF:src\pages\FollowUp\Followupother.jsx
FN:8,Followupother
FN:11,(anonymous_1)
FN:18,(anonymous_2)
FN:21,(anonymous_3)
FN:26,(anonymous_4)
FN:30,(anonymous_5)
FN:47,(anonymous_6)
FN:58,(anonymous_7)
FNF:8
FNH:0
FNDA:0,Followupother
FNDA:0,(anonymous_1)
FNDA:0,(anonymous_2)
FNDA:0,(anonymous_3)
FNDA:0,(anonymous_4)
FNDA:0,(anonymous_5)
FNDA:0,(anonymous_6)
FNDA:0,(anonymous_7)
DA:9,0
DA:10,0
DA:11,0
DA:12,0
DA:13,0
DA:14,0
DA:15,0
DA:18,0
DA:19,0
DA:22,0
DA:24,0
DA:27,0
DA:30,0
DA:31,0
DA:34,0
DA:35,0
DA:48,0
DA:59,0
LF:18
LH:0
BRDA:57,0,0,0
BRDA:57,0,1,0
BRF:2
BRH:0
end_of_record
TN:
SF:src\pages\KPI\KPI.jsx
FN:8,(anonymous_0)
FN:13,(anonymous_1)
FN:773,(anonymous_2)
FN:791,(anonymous_3)
FN:804,(anonymous_4)
FNF:5
FNH:3
FNDA:1,(anonymous_0)
FNDA:2,(anonymous_1)
FNDA:1,(anonymous_2)
FNDA:0,(anonymous_3)
FNDA:0,(anonymous_4)
DA:8,1
DA:9,1
DA:11,1
DA:13,2
DA:15,1
DA:39,1
DA:210,1
DA:256,1
DA:424,1
DA:427,1
DA:438,1
DA:448,1
DA:461,1
DA:544,1
DA:627,1
DA:714,1
DA:773,1
DA:774,1
DA:777,1
DA:792,0
DA:805,0
LF:21
LH:19
BRDA:780,0,0,1
BRDA:780,0,1,0
BRDA:789,1,0,0
BRDA:789,1,1,0
BRF:4
BRH:1
end_of_record
TN:
SF:src\pages\businessTracker\businessTracker.jsx
FN:15,BusinessTracker
FN:168,(anonymous_1)
FN:176,(anonymous_2)
FN:191,(anonymous_3)
FNF:4
FNH:0
FNDA:0,BusinessTracker
FNDA:0,(anonymous_1)
FNDA:0,(anonymous_2)
FNDA:0,(anonymous_3)
DA:16,0
DA:17,0
DA:18,0
DA:19,0
DA:21,0
DA:23,0
DA:28,0
DA:33,0
DA:38,0
DA:43,0
DA:49,0
DA:72,0
DA:81,0
DA:169,0
DA:176,0
DA:191,0
LF:16
LH:0
BRDA:172,0,0,0
BRDA:172,0,1,0
BRDA:192,1,0,0
BRDA:192,1,1,0
BRDA:195,2,0,0
BRDA:195,2,1,0
BRF:6
BRH:0
end_of_record
